<?xml version="1.0" encoding="UTF-8"?>
<testng-results ignored="0" total="3" passed="3" failed="0" skipped="0">
  <reporter-output>
  </reporter-output>
  <suite started-at="2024-10-14T17:43:45 IST" name="Default suite" finished-at="2024-10-14T17:43:48 IST" duration-ms="2828">
    <groups>
    </groups>
    <test started-at="2024-10-14T17:43:45 IST" name="Default test" finished-at="2024-10-14T17:43:48 IST" duration-ms="2828">
      <class name="files.DynamicJson">
        <test-method signature="addBook(java.lang.String,java.lang.String)[pri:0, instance:files.DynamicJson@3f6f6701]" started-at="2024-10-14T17:43:45 IST" name="addBook" data-provider="BooksData" finished-at="2024-10-14T17:43:47 IST" duration-ms="2386" status="PASS">
          <params>
            <param index="0">
              <value>
                <![CDATA[asdfg]]>
              </value>
            </param>
            <param index="1">
              <value>
                <![CDATA[1234]]>
              </value>
            </param>
          </params>
          <reporter-output>
          </reporter-output>
        </test-method> <!-- addBook -->
        <test-method signature="addBook(java.lang.String,java.lang.String)[pri:0, instance:files.DynamicJson@3f6f6701]" started-at="2024-10-14T17:43:47 IST" name="addBook" data-provider="BooksData" finished-at="2024-10-14T17:43:48 IST" duration-ms="209" status="PASS">
          <params>
            <param index="0">
              <value>
                <![CDATA[hjkla]]>
              </value>
            </param>
            <param index="1">
              <value>
                <![CDATA[5678]]>
              </value>
            </param>
          </params>
          <reporter-output>
          </reporter-output>
        </test-method> <!-- addBook -->
        <test-method signature="addBook(java.lang.String,java.lang.String)[pri:0, instance:files.DynamicJson@3f6f6701]" started-at="2024-10-14T17:43:48 IST" name="addBook" data-provider="BooksData" finished-at="2024-10-14T17:43:48 IST" duration-ms="180" status="PASS">
          <params>
            <param index="0">
              <value>
                <![CDATA[qwerty]]>
              </value>
            </param>
            <param index="1">
              <value>
                <![CDATA[9012]]>
              </value>
            </param>
          </params>
          <reporter-output>
          </reporter-output>
        </test-method> <!-- addBook -->
      </class> <!-- files.DynamicJson -->
    </test> <!-- Default test -->
  </suite> <!-- Default suite -->
</testng-results>
