<?xml version="1.0" encoding="UTF-8"?>
<!-- Generated by org.testng.reporters.JUnitXMLReporter -->
<testsuite ignored="0" hostname="ES-LAPTOP-686" failures="0" tests="3" name="Default test" time="2.828" errors="0" timestamp="2024-10-14T17:43:48 IST">
  <testcase classname="files.DynamicJson" name="addBook" time="2.386"/>
  <testcase classname="files.DynamicJson" name="addBook" time="0.209"/>
  <testcase classname="files.DynamicJson" name="addBook" time="0.18"/>
</testsuite> <!-- Default test -->
